<?xml version="1.0" encoding="UTF-8"?>
<!-- Generated by org.testng.reporters.JUnitReportReporter -->
<testsuite hostname="LAPTOP-6J9S7FB3" failures="0" tests="1" name="main.EcommerceApp" time="10.021" errors="0" timestamp="2023-12-28T14:23:28 IST" skipped="0">
  <testcase classname="main.EcommerceApp" name="EcommerceWebApp" time="10.021"/>
  <system-out/>
</testsuite> <!-- main.EcommerceApp -->
