<?xml version="1.0" encoding="UTF-8"?>
<!-- Generated by org.testng.reporters.JUnitReportReporter -->
<testsuite hostname="LAPTOP-6J9S7FB3" failures="0" tests="1" name="main.ErrorValidationTest" time="3.642" errors="0" timestamp="2023-12-28T14:40:01 IST" skipped="0">
  <testcase classname="main.ErrorValidationTest" name="LoginUsernameTest" time="3.642"/>
  <system-out/>
</testsuite> <!-- main.ErrorValidationTest -->
