<?xml version="1.0" encoding="UTF-8"?>
<!-- Generated by org.testng.reporters.JUnitReportReporter -->
<testsuite hostname="LAPTOP-6J9S7FB3" failures="0" tests="2" name="cucumber.CucumberTestRunner" time="13.942" errors="0" timestamp="2023-12-28T19:23:37 IST" skipped="0">
  <testcase classname="cucumber.CucumberTestRunner" name="runScenario" time="6.634"/>
  <system-out/>
  <testcase classname="cucumber.CucumberTestRunner" name="runScenario" time="7.308"/>
  <system-out/>
</testsuite> <!-- cucumber.CucumberTestRunner -->
